The system is: Linux - 3.10.0-957.el7.x86_64 - x86_64
Compiling the C compiler identification source file "CMakeCCompilerId.c" succeeded.
Compiler: /opt/GCC/730/bin/gcc 
Build flags: -I//home/wuchenguang/usr/include
Id flags:  

The output was:
0


Compilation of the C compiler identification source "CMakeCCompilerId.c" produced "a.out"

The C compiler identification is GNU, found in "/home/wuchenguang/work/yfs/beta_decay/map/CMakeFiles/3.10.3/CompilerIdC/a.out"

Compiling the CXX compiler identification source file "CMakeCXXCompilerId.cpp" succeeded.
Compiler: /opt/GCC/730/bin/g++ 
Build flags: 
Id flags:  

The output was:
0


Compilation of the CXX compiler identification source "CMakeCXXCompilerId.cpp" produced "a.out"

The CXX compiler identification is GNU, found in "/home/wuchenguang/work/yfs/beta_decay/map/CMakeFiles/3.10.3/CompilerIdCXX/a.out"

Determining if the C compiler works passed with the following output:
Change Dir: /home/wuchenguang/work/yfs/beta_decay/map/CMakeFiles/CMakeTmp

Run Build Command:"/usr/bin/gmake" "cmTC_b0edb/fast"
/usr/bin/gmake -f CMakeFiles/cmTC_b0edb.dir/build.make CMakeFiles/cmTC_b0edb.dir/build
gmake[1]: 进入目录“/data/d2/RIBLL2017NaMgAlSi/yfs/beta_decay/map/CMakeFiles/CMakeTmp”
Building C object CMakeFiles/cmTC_b0edb.dir/testCCompiler.c.o
/opt/GCC/730/bin/gcc   -I//home/wuchenguang/usr/include    -o CMakeFiles/cmTC_b0edb.dir/testCCompiler.c.o   -c /home/wuchenguang/work/yfs/beta_decay/map/CMakeFiles/CMakeTmp/testCCompiler.c
Linking C executable cmTC_b0edb
/usr/bin/cmake -E cmake_link_script CMakeFiles/cmTC_b0edb.dir/link.txt --verbose=1
/opt/GCC/730/bin/gcc -I//home/wuchenguang/usr/include   -L/home/wuchenguang/usr/lib  -rdynamic CMakeFiles/cmTC_b0edb.dir/testCCompiler.c.o  -o cmTC_b0edb 
gmake[1]: 离开目录“/data/d2/RIBLL2017NaMgAlSi/yfs/beta_decay/map/CMakeFiles/CMakeTmp”


Detecting C compiler ABI info compiled with the following output:
Change Dir: /home/wuchenguang/work/yfs/beta_decay/map/CMakeFiles/CMakeTmp

Run Build Command:"/usr/bin/gmake" "cmTC_dc353/fast"
/usr/bin/gmake -f CMakeFiles/cmTC_dc353.dir/build.make CMakeFiles/cmTC_dc353.dir/build
gmake[1]: 进入目录“/data/d2/RIBLL2017NaMgAlSi/yfs/beta_decay/map/CMakeFiles/CMakeTmp”
Building C object CMakeFiles/cmTC_dc353.dir/CMakeCCompilerABI.c.o
/opt/GCC/730/bin/gcc   -I//home/wuchenguang/usr/include    -o CMakeFiles/cmTC_dc353.dir/CMakeCCompilerABI.c.o   -c /usr/share/cmake-3.10/Modules/CMakeCCompilerABI.c
Linking C executable cmTC_dc353
/usr/bin/cmake -E cmake_link_script CMakeFiles/cmTC_dc353.dir/link.txt --verbose=1
/opt/GCC/730/bin/gcc -I//home/wuchenguang/usr/include   -L/home/wuchenguang/usr/lib -v -rdynamic CMakeFiles/cmTC_dc353.dir/CMakeCCompilerABI.c.o  -o cmTC_dc353 
使用内建 specs。
COLLECT_GCC=/opt/GCC/730/bin/gcc
COLLECT_LTO_WRAPPER=/opt/GCC/730/libexec/gcc/x86_64-pc-linux-gnu/7.3.0/lto-wrapper
目标：x86_64-pc-linux-gnu
配置为：./configure --prefix=/opt/GCC/730 --mandir=/usr/share/man --infodir=/usr/share/info --enable-checking=release --enable-languages=c,c++,fortran --disable-multilib
线程模型：posix
gcc 版本 7.3.0 (GCC) 
COMPILER_PATH=/opt/GCC/730/libexec/gcc/x86_64-pc-linux-gnu/7.3.0/:/opt/GCC/730/libexec/gcc/x86_64-pc-linux-gnu/7.3.0/:/opt/GCC/730/libexec/gcc/x86_64-pc-linux-gnu/:/opt/GCC/730/lib/gcc/x86_64-pc-linux-gnu/7.3.0/:/opt/GCC/730/lib/gcc/x86_64-pc-linux-gnu/
LIBRARY_PATH=/opt/GCC/730/lib/../lib64/:/opt/GCC/730/lib64/../lib64/:/opt/GCC/730/lib/gcc/x86_64-pc-linux-gnu/7.3.0/:/opt/GCC/730/lib/gcc/x86_64-pc-linux-gnu/7.3.0/../../../../lib64/:/lib/../lib64/:/usr/lib/../lib64/:/opt/GCC/730/lib/:/opt/GCC/730/lib64/:/opt/GCC/730/lib/gcc/x86_64-pc-linux-gnu/7.3.0/../../../:/lib/:/usr/lib/
COLLECT_GCC_OPTIONS='-I' '//home/wuchenguang/usr/include' '-L/home/wuchenguang/usr/lib' '-v' '-rdynamic' '-o' 'cmTC_dc353' '-mtune=generic' '-march=x86-64'
 /opt/GCC/730/libexec/gcc/x86_64-pc-linux-gnu/7.3.0/collect2 -plugin /opt/GCC/730/libexec/gcc/x86_64-pc-linux-gnu/7.3.0/liblto_plugin.so -plugin-opt=/opt/GCC/730/libexec/gcc/x86_64-pc-linux-gnu/7.3.0/lto-wrapper -plugin-opt=-fresolution=/tmp/cc7UXAas.res -plugin-opt=-pass-through=-lgcc -plugin-opt=-pass-through=-lgcc_s -plugin-opt=-pass-through=-lc -plugin-opt=-pass-through=-lgcc -plugin-opt=-pass-through=-lgcc_s --eh-frame-hdr -m elf_x86_64 -export-dynamic -dynamic-linker /lib64/ld-linux-x86-64.so.2 -o cmTC_dc353 /lib/../lib64/crt1.o /lib/../lib64/crti.o /opt/GCC/730/lib/gcc/x86_64-pc-linux-gnu/7.3.0/crtbegin.o -L/home/wuchenguang/usr/lib -L/opt/GCC/730/lib/../lib64 -L/opt/GCC/730/lib64/../lib64 -L/opt/GCC/730/lib/gcc/x86_64-pc-linux-gnu/7.3.0 -L/opt/GCC/730/lib/gcc/x86_64-pc-linux-gnu/7.3.0/../../../../lib64 -L/lib/../lib64 -L/usr/lib/../lib64 -L/opt/GCC/730/lib -L/opt/GCC/730/lib64 -L/opt/GCC/730/lib/gcc/x86_64-pc-linux-gnu/7.3.0/../../.. CMakeFiles/cmTC_dc353.dir/CMakeCCompilerABI.c.o -lgcc --as-needed -lgcc_s --no-as-needed -lc -lgcc --as-needed -lgcc_s --no-as-needed /opt/GCC/730/lib/gcc/x86_64-pc-linux-gnu/7.3.0/crtend.o /lib/../lib64/crtn.o
COLLECT_GCC_OPTIONS='-I' '//home/wuchenguang/usr/include' '-L/home/wuchenguang/usr/lib' '-v' '-rdynamic' '-o' 'cmTC_dc353' '-mtune=generic' '-march=x86-64'
gmake[1]: 离开目录“/data/d2/RIBLL2017NaMgAlSi/yfs/beta_decay/map/CMakeFiles/CMakeTmp”


Parsed C implicit link information from above output:
  link line regex: [^( *|.*[/\])(ld|CMAKE_LINK_STARTFILE-NOTFOUND|([^/\]+-)?ld|collect2)[^/\]*( |$)]
  ignore line: [Change Dir: /home/wuchenguang/work/yfs/beta_decay/map/CMakeFiles/CMakeTmp]
  ignore line: []
  ignore line: [Run Build Command:"/usr/bin/gmake" "cmTC_dc353/fast"]
  ignore line: [/usr/bin/gmake -f CMakeFiles/cmTC_dc353.dir/build.make CMakeFiles/cmTC_dc353.dir/build]
  ignore line: [gmake[1]: 进入目录“/data/d2/RIBLL2017NaMgAlSi/yfs/beta_decay/map/CMakeFiles/CMakeTmp”]
  ignore line: [Building C object CMakeFiles/cmTC_dc353.dir/CMakeCCompilerABI.c.o]
  ignore line: [/opt/GCC/730/bin/gcc   -I//home/wuchenguang/usr/include    -o CMakeFiles/cmTC_dc353.dir/CMakeCCompilerABI.c.o   -c /usr/share/cmake-3.10/Modules/CMakeCCompilerABI.c]
  ignore line: [Linking C executable cmTC_dc353]
  ignore line: [/usr/bin/cmake -E cmake_link_script CMakeFiles/cmTC_dc353.dir/link.txt --verbose=1]
  ignore line: [/opt/GCC/730/bin/gcc -I//home/wuchenguang/usr/include   -L/home/wuchenguang/usr/lib -v -rdynamic CMakeFiles/cmTC_dc353.dir/CMakeCCompilerABI.c.o  -o cmTC_dc353 ]
  ignore line: [使用内建 specs。]
  ignore line: [COLLECT_GCC=/opt/GCC/730/bin/gcc]
  ignore line: [COLLECT_LTO_WRAPPER=/opt/GCC/730/libexec/gcc/x86_64-pc-linux-gnu/7.3.0/lto-wrapper]
  ignore line: [目标：x86_64-pc-linux-gnu]
  ignore line: [配置为：./configure --prefix=/opt/GCC/730 --mandir=/usr/share/man --infodir=/usr/share/info --enable-checking=release --enable-languages=c,c++,fortran --disable-multilib]
  ignore line: [线程模型：posix]
  ignore line: [gcc 版本 7.3.0 (GCC) ]
  ignore line: [COMPILER_PATH=/opt/GCC/730/libexec/gcc/x86_64-pc-linux-gnu/7.3.0/:/opt/GCC/730/libexec/gcc/x86_64-pc-linux-gnu/7.3.0/:/opt/GCC/730/libexec/gcc/x86_64-pc-linux-gnu/:/opt/GCC/730/lib/gcc/x86_64-pc-linux-gnu/7.3.0/:/opt/GCC/730/lib/gcc/x86_64-pc-linux-gnu/]
  ignore line: [LIBRARY_PATH=/opt/GCC/730/lib/../lib64/:/opt/GCC/730/lib64/../lib64/:/opt/GCC/730/lib/gcc/x86_64-pc-linux-gnu/7.3.0/:/opt/GCC/730/lib/gcc/x86_64-pc-linux-gnu/7.3.0/../../../../lib64/:/lib/../lib64/:/usr/lib/../lib64/:/opt/GCC/730/lib/:/opt/GCC/730/lib64/:/opt/GCC/730/lib/gcc/x86_64-pc-linux-gnu/7.3.0/../../../:/lib/:/usr/lib/]
  ignore line: [COLLECT_GCC_OPTIONS='-I' '//home/wuchenguang/usr/include' '-L/home/wuchenguang/usr/lib' '-v' '-rdynamic' '-o' 'cmTC_dc353' '-mtune=generic' '-march=x86-64']
  link line: [ /opt/GCC/730/libexec/gcc/x86_64-pc-linux-gnu/7.3.0/collect2 -plugin /opt/GCC/730/libexec/gcc/x86_64-pc-linux-gnu/7.3.0/liblto_plugin.so -plugin-opt=/opt/GCC/730/libexec/gcc/x86_64-pc-linux-gnu/7.3.0/lto-wrapper -plugin-opt=-fresolution=/tmp/cc7UXAas.res -plugin-opt=-pass-through=-lgcc -plugin-opt=-pass-through=-lgcc_s -plugin-opt=-pass-through=-lc -plugin-opt=-pass-through=-lgcc -plugin-opt=-pass-through=-lgcc_s --eh-frame-hdr -m elf_x86_64 -export-dynamic -dynamic-linker /lib64/ld-linux-x86-64.so.2 -o cmTC_dc353 /lib/../lib64/crt1.o /lib/../lib64/crti.o /opt/GCC/730/lib/gcc/x86_64-pc-linux-gnu/7.3.0/crtbegin.o -L/home/wuchenguang/usr/lib -L/opt/GCC/730/lib/../lib64 -L/opt/GCC/730/lib64/../lib64 -L/opt/GCC/730/lib/gcc/x86_64-pc-linux-gnu/7.3.0 -L/opt/GCC/730/lib/gcc/x86_64-pc-linux-gnu/7.3.0/../../../../lib64 -L/lib/../lib64 -L/usr/lib/../lib64 -L/opt/GCC/730/lib -L/opt/GCC/730/lib64 -L/opt/GCC/730/lib/gcc/x86_64-pc-linux-gnu/7.3.0/../../.. CMakeFiles/cmTC_dc353.dir/CMakeCCompilerABI.c.o -lgcc --as-needed -lgcc_s --no-as-needed -lc -lgcc --as-needed -lgcc_s --no-as-needed /opt/GCC/730/lib/gcc/x86_64-pc-linux-gnu/7.3.0/crtend.o /lib/../lib64/crtn.o]
    arg [/opt/GCC/730/libexec/gcc/x86_64-pc-linux-gnu/7.3.0/collect2] ==> ignore
    arg [-plugin] ==> ignore
    arg [/opt/GCC/730/libexec/gcc/x86_64-pc-linux-gnu/7.3.0/liblto_plugin.so] ==> ignore
    arg [-plugin-opt=/opt/GCC/730/libexec/gcc/x86_64-pc-linux-gnu/7.3.0/lto-wrapper] ==> ignore
    arg [-plugin-opt=-fresolution=/tmp/cc7UXAas.res] ==> ignore
    arg [-plugin-opt=-pass-through=-lgcc] ==> ignore
    arg [-plugin-opt=-pass-through=-lgcc_s] ==> ignore
    arg [-plugin-opt=-pass-through=-lc] ==> ignore
    arg [-plugin-opt=-pass-through=-lgcc] ==> ignore
    arg [-plugin-opt=-pass-through=-lgcc_s] ==> ignore
    arg [--eh-frame-hdr] ==> ignore
    arg [-m] ==> ignore
    arg [elf_x86_64] ==> ignore
    arg [-export-dynamic] ==> ignore
    arg [-dynamic-linker] ==> ignore
    arg [/lib64/ld-linux-x86-64.so.2] ==> ignore
    arg [-o] ==> ignore
    arg [cmTC_dc353] ==> ignore
    arg [/lib/../lib64/crt1.o] ==> ignore
    arg [/lib/../lib64/crti.o] ==> ignore
    arg [/opt/GCC/730/lib/gcc/x86_64-pc-linux-gnu/7.3.0/crtbegin.o] ==> ignore
    arg [-L/home/wuchenguang/usr/lib] ==> dir [/home/wuchenguang/usr/lib]
    arg [-L/opt/GCC/730/lib/../lib64] ==> dir [/opt/GCC/730/lib/../lib64]
    arg [-L/opt/GCC/730/lib64/../lib64] ==> dir [/opt/GCC/730/lib64/../lib64]
    arg [-L/opt/GCC/730/lib/gcc/x86_64-pc-linux-gnu/7.3.0] ==> dir [/opt/GCC/730/lib/gcc/x86_64-pc-linux-gnu/7.3.0]
    arg [-L/opt/GCC/730/lib/gcc/x86_64-pc-linux-gnu/7.3.0/../../../../lib64] ==> dir [/opt/GCC/730/lib/gcc/x86_64-pc-linux-gnu/7.3.0/../../../../lib64]
    arg [-L/lib/../lib64] ==> dir [/lib/../lib64]
    arg [-L/usr/lib/../lib64] ==> dir [/usr/lib/../lib64]
    arg [-L/opt/GCC/730/lib] ==> dir [/opt/GCC/730/lib]
    arg [-L/opt/GCC/730/lib64] ==> dir [/opt/GCC/730/lib64]
    arg [-L/opt/GCC/730/lib/gcc/x86_64-pc-linux-gnu/7.3.0/../../..] ==> dir [/opt/GCC/730/lib/gcc/x86_64-pc-linux-gnu/7.3.0/../../..]
    arg [CMakeFiles/cmTC_dc353.dir/CMakeCCompilerABI.c.o] ==> ignore
    arg [-lgcc] ==> lib [gcc]
    arg [--as-needed] ==> ignore
    arg [-lgcc_s] ==> lib [gcc_s]
    arg [--no-as-needed] ==> ignore
    arg [-lc] ==> lib [c]
    arg [-lgcc] ==> lib [gcc]
    arg [--as-needed] ==> ignore
    arg [-lgcc_s] ==> lib [gcc_s]
    arg [--no-as-needed] ==> ignore
    arg [/opt/GCC/730/lib/gcc/x86_64-pc-linux-gnu/7.3.0/crtend.o] ==> ignore
    arg [/lib/../lib64/crtn.o] ==> ignore
  collapse library dir [/home/wuchenguang/usr/lib] ==> [/home/wuchenguang/usr/lib]
  collapse library dir [/opt/GCC/730/lib/../lib64] ==> [/opt/GCC/730/lib64]
  collapse library dir [/opt/GCC/730/lib64/../lib64] ==> [/opt/GCC/730/lib64]
  collapse library dir [/opt/GCC/730/lib/gcc/x86_64-pc-linux-gnu/7.3.0] ==> [/opt/GCC/730/lib/gcc/x86_64-pc-linux-gnu/7.3.0]
  collapse library dir [/opt/GCC/730/lib/gcc/x86_64-pc-linux-gnu/7.3.0/../../../../lib64] ==> [/opt/GCC/730/lib64]
  collapse library dir [/lib/../lib64] ==> [/lib64]
  collapse library dir [/usr/lib/../lib64] ==> [/usr/lib64]
  collapse library dir [/opt/GCC/730/lib] ==> [/opt/GCC/730/lib]
  collapse library dir [/opt/GCC/730/lib64] ==> [/opt/GCC/730/lib64]
  collapse library dir [/opt/GCC/730/lib/gcc/x86_64-pc-linux-gnu/7.3.0/../../..] ==> [/opt/GCC/730/lib]
  implicit libs: [gcc;gcc_s;c;gcc;gcc_s]
  implicit dirs: [/home/wuchenguang/usr/lib;/opt/GCC/730/lib64;/opt/GCC/730/lib/gcc/x86_64-pc-linux-gnu/7.3.0;/lib64;/usr/lib64;/opt/GCC/730/lib]
  implicit fwks: []




Detecting C [-std=c11] compiler features compiled with the following output:
Change Dir: /home/wuchenguang/work/yfs/beta_decay/map/CMakeFiles/CMakeTmp

Run Build Command:"/usr/bin/gmake" "cmTC_4d6ed/fast"
/usr/bin/gmake -f CMakeFiles/cmTC_4d6ed.dir/build.make CMakeFiles/cmTC_4d6ed.dir/build
gmake[1]: 进入目录“/data/d2/RIBLL2017NaMgAlSi/yfs/beta_decay/map/CMakeFiles/CMakeTmp”
Building C object CMakeFiles/cmTC_4d6ed.dir/feature_tests.c.o
/opt/GCC/730/bin/gcc   -I//home/wuchenguang/usr/include    -std=c11 -o CMakeFiles/cmTC_4d6ed.dir/feature_tests.c.o   -c /home/wuchenguang/work/yfs/beta_decay/map/CMakeFiles/feature_tests.c
Linking C executable cmTC_4d6ed
/usr/bin/cmake -E cmake_link_script CMakeFiles/cmTC_4d6ed.dir/link.txt --verbose=1
/opt/GCC/730/bin/gcc -I//home/wuchenguang/usr/include   -L/home/wuchenguang/usr/lib  -rdynamic CMakeFiles/cmTC_4d6ed.dir/feature_tests.c.o  -o cmTC_4d6ed 
gmake[1]: 离开目录“/data/d2/RIBLL2017NaMgAlSi/yfs/beta_decay/map/CMakeFiles/CMakeTmp”


    Feature record: C_FEATURE:1c_function_prototypes
    Feature record: C_FEATURE:1c_restrict
    Feature record: C_FEATURE:1c_static_assert
    Feature record: C_FEATURE:1c_variadic_macros


Detecting C [-std=c99] compiler features compiled with the following output:
Change Dir: /home/wuchenguang/work/yfs/beta_decay/map/CMakeFiles/CMakeTmp

Run Build Command:"/usr/bin/gmake" "cmTC_c06eb/fast"
/usr/bin/gmake -f CMakeFiles/cmTC_c06eb.dir/build.make CMakeFiles/cmTC_c06eb.dir/build
gmake[1]: 进入目录“/data/d2/RIBLL2017NaMgAlSi/yfs/beta_decay/map/CMakeFiles/CMakeTmp”
Building C object CMakeFiles/cmTC_c06eb.dir/feature_tests.c.o
/opt/GCC/730/bin/gcc   -I//home/wuchenguang/usr/include    -std=c99 -o CMakeFiles/cmTC_c06eb.dir/feature_tests.c.o   -c /home/wuchenguang/work/yfs/beta_decay/map/CMakeFiles/feature_tests.c
Linking C executable cmTC_c06eb
/usr/bin/cmake -E cmake_link_script CMakeFiles/cmTC_c06eb.dir/link.txt --verbose=1
/opt/GCC/730/bin/gcc -I//home/wuchenguang/usr/include   -L/home/wuchenguang/usr/lib  -rdynamic CMakeFiles/cmTC_c06eb.dir/feature_tests.c.o  -o cmTC_c06eb 
gmake[1]: 离开目录“/data/d2/RIBLL2017NaMgAlSi/yfs/beta_decay/map/CMakeFiles/CMakeTmp”


    Feature record: C_FEATURE:1c_function_prototypes
    Feature record: C_FEATURE:1c_restrict
    Feature record: C_FEATURE:0c_static_assert
    Feature record: C_FEATURE:1c_variadic_macros


Detecting C [-std=c90] compiler features compiled with the following output:
Change Dir: /home/wuchenguang/work/yfs/beta_decay/map/CMakeFiles/CMakeTmp

Run Build Command:"/usr/bin/gmake" "cmTC_d39f0/fast"
/usr/bin/gmake -f CMakeFiles/cmTC_d39f0.dir/build.make CMakeFiles/cmTC_d39f0.dir/build
gmake[1]: 进入目录“/data/d2/RIBLL2017NaMgAlSi/yfs/beta_decay/map/CMakeFiles/CMakeTmp”
Building C object CMakeFiles/cmTC_d39f0.dir/feature_tests.c.o
/opt/GCC/730/bin/gcc   -I//home/wuchenguang/usr/include    -std=c90 -o CMakeFiles/cmTC_d39f0.dir/feature_tests.c.o   -c /home/wuchenguang/work/yfs/beta_decay/map/CMakeFiles/feature_tests.c
Linking C executable cmTC_d39f0
/usr/bin/cmake -E cmake_link_script CMakeFiles/cmTC_d39f0.dir/link.txt --verbose=1
/opt/GCC/730/bin/gcc -I//home/wuchenguang/usr/include   -L/home/wuchenguang/usr/lib  -rdynamic CMakeFiles/cmTC_d39f0.dir/feature_tests.c.o  -o cmTC_d39f0 
gmake[1]: 离开目录“/data/d2/RIBLL2017NaMgAlSi/yfs/beta_decay/map/CMakeFiles/CMakeTmp”


    Feature record: C_FEATURE:1c_function_prototypes
    Feature record: C_FEATURE:0c_restrict
    Feature record: C_FEATURE:0c_static_assert
    Feature record: C_FEATURE:0c_variadic_macros
Determining if the CXX compiler works passed with the following output:
Change Dir: /home/wuchenguang/work/yfs/beta_decay/map/CMakeFiles/CMakeTmp

Run Build Command:"/usr/bin/gmake" "cmTC_340c7/fast"
/usr/bin/gmake -f CMakeFiles/cmTC_340c7.dir/build.make CMakeFiles/cmTC_340c7.dir/build
gmake[1]: 进入目录“/data/d2/RIBLL2017NaMgAlSi/yfs/beta_decay/map/CMakeFiles/CMakeTmp”
Building CXX object CMakeFiles/cmTC_340c7.dir/testCXXCompiler.cxx.o
/opt/GCC/730/bin/g++     -o CMakeFiles/cmTC_340c7.dir/testCXXCompiler.cxx.o -c /home/wuchenguang/work/yfs/beta_decay/map/CMakeFiles/CMakeTmp/testCXXCompiler.cxx
Linking CXX executable cmTC_340c7
/usr/bin/cmake -E cmake_link_script CMakeFiles/cmTC_340c7.dir/link.txt --verbose=1
/opt/GCC/730/bin/g++     -L/home/wuchenguang/usr/lib  -rdynamic CMakeFiles/cmTC_340c7.dir/testCXXCompiler.cxx.o  -o cmTC_340c7 
gmake[1]: 离开目录“/data/d2/RIBLL2017NaMgAlSi/yfs/beta_decay/map/CMakeFiles/CMakeTmp”


Detecting CXX compiler ABI info compiled with the following output:
Change Dir: /home/wuchenguang/work/yfs/beta_decay/map/CMakeFiles/CMakeTmp

Run Build Command:"/usr/bin/gmake" "cmTC_70c33/fast"
/usr/bin/gmake -f CMakeFiles/cmTC_70c33.dir/build.make CMakeFiles/cmTC_70c33.dir/build
gmake[1]: 进入目录“/data/d2/RIBLL2017NaMgAlSi/yfs/beta_decay/map/CMakeFiles/CMakeTmp”
Building CXX object CMakeFiles/cmTC_70c33.dir/CMakeCXXCompilerABI.cpp.o
/opt/GCC/730/bin/g++     -o CMakeFiles/cmTC_70c33.dir/CMakeCXXCompilerABI.cpp.o -c /usr/share/cmake-3.10/Modules/CMakeCXXCompilerABI.cpp
Linking CXX executable cmTC_70c33
/usr/bin/cmake -E cmake_link_script CMakeFiles/cmTC_70c33.dir/link.txt --verbose=1
/opt/GCC/730/bin/g++     -L/home/wuchenguang/usr/lib -v -rdynamic CMakeFiles/cmTC_70c33.dir/CMakeCXXCompilerABI.cpp.o  -o cmTC_70c33 
使用内建 specs。
COLLECT_GCC=/opt/GCC/730/bin/g++
COLLECT_LTO_WRAPPER=/opt/GCC/730/libexec/gcc/x86_64-pc-linux-gnu/7.3.0/lto-wrapper
目标：x86_64-pc-linux-gnu
配置为：./configure --prefix=/opt/GCC/730 --mandir=/usr/share/man --infodir=/usr/share/info --enable-checking=release --enable-languages=c,c++,fortran --disable-multilib
线程模型：posix
gcc 版本 7.3.0 (GCC) 
COMPILER_PATH=/opt/GCC/730/libexec/gcc/x86_64-pc-linux-gnu/7.3.0/:/opt/GCC/730/libexec/gcc/x86_64-pc-linux-gnu/7.3.0/:/opt/GCC/730/libexec/gcc/x86_64-pc-linux-gnu/:/opt/GCC/730/lib/gcc/x86_64-pc-linux-gnu/7.3.0/:/opt/GCC/730/lib/gcc/x86_64-pc-linux-gnu/
LIBRARY_PATH=/opt/GCC/730/lib/../lib64/:/opt/GCC/730/lib64/../lib64/:/opt/GCC/730/lib/gcc/x86_64-pc-linux-gnu/7.3.0/:/opt/GCC/730/lib/gcc/x86_64-pc-linux-gnu/7.3.0/../../../../lib64/:/lib/../lib64/:/usr/lib/../lib64/:/opt/GCC/730/lib/:/opt/GCC/730/lib64/:/opt/GCC/730/lib/gcc/x86_64-pc-linux-gnu/7.3.0/../../../:/lib/:/usr/lib/
COLLECT_GCC_OPTIONS='-L/home/wuchenguang/usr/lib' '-v' '-rdynamic' '-o' 'cmTC_70c33' '-shared-libgcc' '-mtune=generic' '-march=x86-64'
 /opt/GCC/730/libexec/gcc/x86_64-pc-linux-gnu/7.3.0/collect2 -plugin /opt/GCC/730/libexec/gcc/x86_64-pc-linux-gnu/7.3.0/liblto_plugin.so -plugin-opt=/opt/GCC/730/libexec/gcc/x86_64-pc-linux-gnu/7.3.0/lto-wrapper -plugin-opt=-fresolution=/tmp/ccstNeHO.res -plugin-opt=-pass-through=-lgcc_s -plugin-opt=-pass-through=-lgcc -plugin-opt=-pass-through=-lc -plugin-opt=-pass-through=-lgcc_s -plugin-opt=-pass-through=-lgcc --eh-frame-hdr -m elf_x86_64 -export-dynamic -dynamic-linker /lib64/ld-linux-x86-64.so.2 -o cmTC_70c33 /lib/../lib64/crt1.o /lib/../lib64/crti.o /opt/GCC/730/lib/gcc/x86_64-pc-linux-gnu/7.3.0/crtbegin.o -L/home/wuchenguang/usr/lib -L/opt/GCC/730/lib/../lib64 -L/opt/GCC/730/lib64/../lib64 -L/opt/GCC/730/lib/gcc/x86_64-pc-linux-gnu/7.3.0 -L/opt/GCC/730/lib/gcc/x86_64-pc-linux-gnu/7.3.0/../../../../lib64 -L/lib/../lib64 -L/usr/lib/../lib64 -L/opt/GCC/730/lib -L/opt/GCC/730/lib64 -L/opt/GCC/730/lib/gcc/x86_64-pc-linux-gnu/7.3.0/../../.. CMakeFiles/cmTC_70c33.dir/CMakeCXXCompilerABI.cpp.o -lstdc++ -lm -lgcc_s -lgcc -lc -lgcc_s -lgcc /opt/GCC/730/lib/gcc/x86_64-pc-linux-gnu/7.3.0/crtend.o /lib/../lib64/crtn.o
COLLECT_GCC_OPTIONS='-L/home/wuchenguang/usr/lib' '-v' '-rdynamic' '-o' 'cmTC_70c33' '-shared-libgcc' '-mtune=generic' '-march=x86-64'
gmake[1]: 离开目录“/data/d2/RIBLL2017NaMgAlSi/yfs/beta_decay/map/CMakeFiles/CMakeTmp”


Parsed CXX implicit link information from above output:
  link line regex: [^( *|.*[/\])(ld|CMAKE_LINK_STARTFILE-NOTFOUND|([^/\]+-)?ld|collect2)[^/\]*( |$)]
  ignore line: [Change Dir: /home/wuchenguang/work/yfs/beta_decay/map/CMakeFiles/CMakeTmp]
  ignore line: []
  ignore line: [Run Build Command:"/usr/bin/gmake" "cmTC_70c33/fast"]
  ignore line: [/usr/bin/gmake -f CMakeFiles/cmTC_70c33.dir/build.make CMakeFiles/cmTC_70c33.dir/build]
  ignore line: [gmake[1]: 进入目录“/data/d2/RIBLL2017NaMgAlSi/yfs/beta_decay/map/CMakeFiles/CMakeTmp”]
  ignore line: [Building CXX object CMakeFiles/cmTC_70c33.dir/CMakeCXXCompilerABI.cpp.o]
  ignore line: [/opt/GCC/730/bin/g++     -o CMakeFiles/cmTC_70c33.dir/CMakeCXXCompilerABI.cpp.o -c /usr/share/cmake-3.10/Modules/CMakeCXXCompilerABI.cpp]
  ignore line: [Linking CXX executable cmTC_70c33]
  ignore line: [/usr/bin/cmake -E cmake_link_script CMakeFiles/cmTC_70c33.dir/link.txt --verbose=1]
  ignore line: [/opt/GCC/730/bin/g++     -L/home/wuchenguang/usr/lib -v -rdynamic CMakeFiles/cmTC_70c33.dir/CMakeCXXCompilerABI.cpp.o  -o cmTC_70c33 ]
  ignore line: [使用内建 specs。]
  ignore line: [COLLECT_GCC=/opt/GCC/730/bin/g++]
  ignore line: [COLLECT_LTO_WRAPPER=/opt/GCC/730/libexec/gcc/x86_64-pc-linux-gnu/7.3.0/lto-wrapper]
  ignore line: [目标：x86_64-pc-linux-gnu]
  ignore line: [配置为：./configure --prefix=/opt/GCC/730 --mandir=/usr/share/man --infodir=/usr/share/info --enable-checking=release --enable-languages=c,c++,fortran --disable-multilib]
  ignore line: [线程模型：posix]
  ignore line: [gcc 版本 7.3.0 (GCC) ]
  ignore line: [COMPILER_PATH=/opt/GCC/730/libexec/gcc/x86_64-pc-linux-gnu/7.3.0/:/opt/GCC/730/libexec/gcc/x86_64-pc-linux-gnu/7.3.0/:/opt/GCC/730/libexec/gcc/x86_64-pc-linux-gnu/:/opt/GCC/730/lib/gcc/x86_64-pc-linux-gnu/7.3.0/:/opt/GCC/730/lib/gcc/x86_64-pc-linux-gnu/]
  ignore line: [LIBRARY_PATH=/opt/GCC/730/lib/../lib64/:/opt/GCC/730/lib64/../lib64/:/opt/GCC/730/lib/gcc/x86_64-pc-linux-gnu/7.3.0/:/opt/GCC/730/lib/gcc/x86_64-pc-linux-gnu/7.3.0/../../../../lib64/:/lib/../lib64/:/usr/lib/../lib64/:/opt/GCC/730/lib/:/opt/GCC/730/lib64/:/opt/GCC/730/lib/gcc/x86_64-pc-linux-gnu/7.3.0/../../../:/lib/:/usr/lib/]
  ignore line: [COLLECT_GCC_OPTIONS='-L/home/wuchenguang/usr/lib' '-v' '-rdynamic' '-o' 'cmTC_70c33' '-shared-libgcc' '-mtune=generic' '-march=x86-64']
  link line: [ /opt/GCC/730/libexec/gcc/x86_64-pc-linux-gnu/7.3.0/collect2 -plugin /opt/GCC/730/libexec/gcc/x86_64-pc-linux-gnu/7.3.0/liblto_plugin.so -plugin-opt=/opt/GCC/730/libexec/gcc/x86_64-pc-linux-gnu/7.3.0/lto-wrapper -plugin-opt=-fresolution=/tmp/ccstNeHO.res -plugin-opt=-pass-through=-lgcc_s -plugin-opt=-pass-through=-lgcc -plugin-opt=-pass-through=-lc -plugin-opt=-pass-through=-lgcc_s -plugin-opt=-pass-through=-lgcc --eh-frame-hdr -m elf_x86_64 -export-dynamic -dynamic-linker /lib64/ld-linux-x86-64.so.2 -o cmTC_70c33 /lib/../lib64/crt1.o /lib/../lib64/crti.o /opt/GCC/730/lib/gcc/x86_64-pc-linux-gnu/7.3.0/crtbegin.o -L/home/wuchenguang/usr/lib -L/opt/GCC/730/lib/../lib64 -L/opt/GCC/730/lib64/../lib64 -L/opt/GCC/730/lib/gcc/x86_64-pc-linux-gnu/7.3.0 -L/opt/GCC/730/lib/gcc/x86_64-pc-linux-gnu/7.3.0/../../../../lib64 -L/lib/../lib64 -L/usr/lib/../lib64 -L/opt/GCC/730/lib -L/opt/GCC/730/lib64 -L/opt/GCC/730/lib/gcc/x86_64-pc-linux-gnu/7.3.0/../../.. CMakeFiles/cmTC_70c33.dir/CMakeCXXCompilerABI.cpp.o -lstdc++ -lm -lgcc_s -lgcc -lc -lgcc_s -lgcc /opt/GCC/730/lib/gcc/x86_64-pc-linux-gnu/7.3.0/crtend.o /lib/../lib64/crtn.o]
    arg [/opt/GCC/730/libexec/gcc/x86_64-pc-linux-gnu/7.3.0/collect2] ==> ignore
    arg [-plugin] ==> ignore
    arg [/opt/GCC/730/libexec/gcc/x86_64-pc-linux-gnu/7.3.0/liblto_plugin.so] ==> ignore
    arg [-plugin-opt=/opt/GCC/730/libexec/gcc/x86_64-pc-linux-gnu/7.3.0/lto-wrapper] ==> ignore
    arg [-plugin-opt=-fresolution=/tmp/ccstNeHO.res] ==> ignore
    arg [-plugin-opt=-pass-through=-lgcc_s] ==> ignore
    arg [-plugin-opt=-pass-through=-lgcc] ==> ignore
    arg [-plugin-opt=-pass-through=-lc] ==> ignore
    arg [-plugin-opt=-pass-through=-lgcc_s] ==> ignore
    arg [-plugin-opt=-pass-through=-lgcc] ==> ignore
    arg [--eh-frame-hdr] ==> ignore
    arg [-m] ==> ignore
    arg [elf_x86_64] ==> ignore
    arg [-export-dynamic] ==> ignore
    arg [-dynamic-linker] ==> ignore
    arg [/lib64/ld-linux-x86-64.so.2] ==> ignore
    arg [-o] ==> ignore
    arg [cmTC_70c33] ==> ignore
    arg [/lib/../lib64/crt1.o] ==> ignore
    arg [/lib/../lib64/crti.o] ==> ignore
    arg [/opt/GCC/730/lib/gcc/x86_64-pc-linux-gnu/7.3.0/crtbegin.o] ==> ignore
    arg [-L/home/wuchenguang/usr/lib] ==> dir [/home/wuchenguang/usr/lib]
    arg [-L/opt/GCC/730/lib/../lib64] ==> dir [/opt/GCC/730/lib/../lib64]
    arg [-L/opt/GCC/730/lib64/../lib64] ==> dir [/opt/GCC/730/lib64/../lib64]
    arg [-L/opt/GCC/730/lib/gcc/x86_64-pc-linux-gnu/7.3.0] ==> dir [/opt/GCC/730/lib/gcc/x86_64-pc-linux-gnu/7.3.0]
    arg [-L/opt/GCC/730/lib/gcc/x86_64-pc-linux-gnu/7.3.0/../../../../lib64] ==> dir [/opt/GCC/730/lib/gcc/x86_64-pc-linux-gnu/7.3.0/../../../../lib64]
    arg [-L/lib/../lib64] ==> dir [/lib/../lib64]
    arg [-L/usr/lib/../lib64] ==> dir [/usr/lib/../lib64]
    arg [-L/opt/GCC/730/lib] ==> dir [/opt/GCC/730/lib]
    arg [-L/opt/GCC/730/lib64] ==> dir [/opt/GCC/730/lib64]
    arg [-L/opt/GCC/730/lib/gcc/x86_64-pc-linux-gnu/7.3.0/../../..] ==> dir [/opt/GCC/730/lib/gcc/x86_64-pc-linux-gnu/7.3.0/../../..]
    arg [CMakeFiles/cmTC_70c33.dir/CMakeCXXCompilerABI.cpp.o] ==> ignore
    arg [-lstdc++] ==> lib [stdc++]
    arg [-lm] ==> lib [m]
    arg [-lgcc_s] ==> lib [gcc_s]
    arg [-lgcc] ==> lib [gcc]
    arg [-lc] ==> lib [c]
    arg [-lgcc_s] ==> lib [gcc_s]
    arg [-lgcc] ==> lib [gcc]
    arg [/opt/GCC/730/lib/gcc/x86_64-pc-linux-gnu/7.3.0/crtend.o] ==> ignore
    arg [/lib/../lib64/crtn.o] ==> ignore
  collapse library dir [/home/wuchenguang/usr/lib] ==> [/home/wuchenguang/usr/lib]
  collapse library dir [/opt/GCC/730/lib/../lib64] ==> [/opt/GCC/730/lib64]
  collapse library dir [/opt/GCC/730/lib64/../lib64] ==> [/opt/GCC/730/lib64]
  collapse library dir [/opt/GCC/730/lib/gcc/x86_64-pc-linux-gnu/7.3.0] ==> [/opt/GCC/730/lib/gcc/x86_64-pc-linux-gnu/7.3.0]
  collapse library dir [/opt/GCC/730/lib/gcc/x86_64-pc-linux-gnu/7.3.0/../../../../lib64] ==> [/opt/GCC/730/lib64]
  collapse library dir [/lib/../lib64] ==> [/lib64]
  collapse library dir [/usr/lib/../lib64] ==> [/usr/lib64]
  collapse library dir [/opt/GCC/730/lib] ==> [/opt/GCC/730/lib]
  collapse library dir [/opt/GCC/730/lib64] ==> [/opt/GCC/730/lib64]
  collapse library dir [/opt/GCC/730/lib/gcc/x86_64-pc-linux-gnu/7.3.0/../../..] ==> [/opt/GCC/730/lib]
  implicit libs: [stdc++;m;gcc_s;gcc;c;gcc_s;gcc]
  implicit dirs: [/home/wuchenguang/usr/lib;/opt/GCC/730/lib64;/opt/GCC/730/lib/gcc/x86_64-pc-linux-gnu/7.3.0;/lib64;/usr/lib64;/opt/GCC/730/lib]
  implicit fwks: []




Detecting CXX [-std=c++1z] compiler features compiled with the following output:
Change Dir: /home/wuchenguang/work/yfs/beta_decay/map/CMakeFiles/CMakeTmp

Run Build Command:"/usr/bin/gmake" "cmTC_59897/fast"
/usr/bin/gmake -f CMakeFiles/cmTC_59897.dir/build.make CMakeFiles/cmTC_59897.dir/build
gmake[1]: 进入目录“/data/d2/RIBLL2017NaMgAlSi/yfs/beta_decay/map/CMakeFiles/CMakeTmp”
Building CXX object CMakeFiles/cmTC_59897.dir/feature_tests.cxx.o
/opt/GCC/730/bin/g++    -std=c++1z -o CMakeFiles/cmTC_59897.dir/feature_tests.cxx.o -c /home/wuchenguang/work/yfs/beta_decay/map/CMakeFiles/feature_tests.cxx
Linking CXX executable cmTC_59897
/usr/bin/cmake -E cmake_link_script CMakeFiles/cmTC_59897.dir/link.txt --verbose=1
/opt/GCC/730/bin/g++     -L/home/wuchenguang/usr/lib  -rdynamic CMakeFiles/cmTC_59897.dir/feature_tests.cxx.o  -o cmTC_59897 
gmake[1]: 离开目录“/data/d2/RIBLL2017NaMgAlSi/yfs/beta_decay/map/CMakeFiles/CMakeTmp”


    Feature record: CXX_FEATURE:1cxx_aggregate_default_initializers
    Feature record: CXX_FEATURE:1cxx_alias_templates
    Feature record: CXX_FEATURE:1cxx_alignas
    Feature record: CXX_FEATURE:1cxx_alignof
    Feature record: CXX_FEATURE:1cxx_attributes
    Feature record: CXX_FEATURE:1cxx_attribute_deprecated
    Feature record: CXX_FEATURE:1cxx_auto_type
    Feature record: CXX_FEATURE:1cxx_binary_literals
    Feature record: CXX_FEATURE:1cxx_constexpr
    Feature record: CXX_FEATURE:1cxx_contextual_conversions
    Feature record: CXX_FEATURE:1cxx_decltype
    Feature record: CXX_FEATURE:1cxx_decltype_auto
    Feature record: CXX_FEATURE:1cxx_decltype_incomplete_return_types
    Feature record: CXX_FEATURE:1cxx_default_function_template_args
    Feature record: CXX_FEATURE:1cxx_defaulted_functions
    Feature record: CXX_FEATURE:1cxx_defaulted_move_initializers
    Feature record: CXX_FEATURE:1cxx_delegating_constructors
    Feature record: CXX_FEATURE:1cxx_deleted_functions
    Feature record: CXX_FEATURE:1cxx_digit_separators
    Feature record: CXX_FEATURE:1cxx_enum_forward_declarations
    Feature record: CXX_FEATURE:1cxx_explicit_conversions
    Feature record: CXX_FEATURE:1cxx_extended_friend_declarations
    Feature record: CXX_FEATURE:1cxx_extern_templates
    Feature record: CXX_FEATURE:1cxx_final
    Feature record: CXX_FEATURE:1cxx_func_identifier
    Feature record: CXX_FEATURE:1cxx_generalized_initializers
    Feature record: CXX_FEATURE:1cxx_generic_lambdas
    Feature record: CXX_FEATURE:1cxx_inheriting_constructors
    Feature record: CXX_FEATURE:1cxx_inline_namespaces
    Feature record: CXX_FEATURE:1cxx_lambdas
    Feature record: CXX_FEATURE:1cxx_lambda_init_captures
    Feature record: CXX_FEATURE:1cxx_local_type_template_args
    Feature record: CXX_FEATURE:1cxx_long_long_type
    Feature record: CXX_FEATURE:1cxx_noexcept
    Feature record: CXX_FEATURE:1cxx_nonstatic_member_init
    Feature record: CXX_FEATURE:1cxx_nullptr
    Feature record: CXX_FEATURE:1cxx_override
    Feature record: CXX_FEATURE:1cxx_range_for
    Feature record: CXX_FEATURE:1cxx_raw_string_literals
    Feature record: CXX_FEATURE:1cxx_reference_qualified_functions
    Feature record: CXX_FEATURE:1cxx_relaxed_constexpr
    Feature record: CXX_FEATURE:1cxx_return_type_deduction
    Feature record: CXX_FEATURE:1cxx_right_angle_brackets
    Feature record: CXX_FEATURE:1cxx_rvalue_references
    Feature record: CXX_FEATURE:1cxx_sizeof_member
    Feature record: CXX_FEATURE:1cxx_static_assert
    Feature record: CXX_FEATURE:1cxx_strong_enums
    Feature record: CXX_FEATURE:1cxx_template_template_parameters
    Feature record: CXX_FEATURE:1cxx_thread_local
    Feature record: CXX_FEATURE:1cxx_trailing_return_types
    Feature record: CXX_FEATURE:1cxx_unicode_literals
    Feature record: CXX_FEATURE:1cxx_uniform_initialization
    Feature record: CXX_FEATURE:1cxx_unrestricted_unions
    Feature record: CXX_FEATURE:1cxx_user_literals
    Feature record: CXX_FEATURE:1cxx_variable_templates
    Feature record: CXX_FEATURE:1cxx_variadic_macros
    Feature record: CXX_FEATURE:1cxx_variadic_templates


Detecting CXX [-std=c++14] compiler features compiled with the following output:
Change Dir: /home/wuchenguang/work/yfs/beta_decay/map/CMakeFiles/CMakeTmp

Run Build Command:"/usr/bin/gmake" "cmTC_993e2/fast"
/usr/bin/gmake -f CMakeFiles/cmTC_993e2.dir/build.make CMakeFiles/cmTC_993e2.dir/build
gmake[1]: 进入目录“/data/d2/RIBLL2017NaMgAlSi/yfs/beta_decay/map/CMakeFiles/CMakeTmp”
Building CXX object CMakeFiles/cmTC_993e2.dir/feature_tests.cxx.o
/opt/GCC/730/bin/g++    -std=c++14 -o CMakeFiles/cmTC_993e2.dir/feature_tests.cxx.o -c /home/wuchenguang/work/yfs/beta_decay/map/CMakeFiles/feature_tests.cxx
Linking CXX executable cmTC_993e2
/usr/bin/cmake -E cmake_link_script CMakeFiles/cmTC_993e2.dir/link.txt --verbose=1
/opt/GCC/730/bin/g++     -L/home/wuchenguang/usr/lib  -rdynamic CMakeFiles/cmTC_993e2.dir/feature_tests.cxx.o  -o cmTC_993e2 
gmake[1]: 离开目录“/data/d2/RIBLL2017NaMgAlSi/yfs/beta_decay/map/CMakeFiles/CMakeTmp”


    Feature record: CXX_FEATURE:1cxx_aggregate_default_initializers
    Feature record: CXX_FEATURE:1cxx_alias_templates
    Feature record: CXX_FEATURE:1cxx_alignas
    Feature record: CXX_FEATURE:1cxx_alignof
    Feature record: CXX_FEATURE:1cxx_attributes
    Feature record: CXX_FEATURE:1cxx_attribute_deprecated
    Feature record: CXX_FEATURE:1cxx_auto_type
    Feature record: CXX_FEATURE:1cxx_binary_literals
    Feature record: CXX_FEATURE:1cxx_constexpr
    Feature record: CXX_FEATURE:1cxx_contextual_conversions
    Feature record: CXX_FEATURE:1cxx_decltype
    Feature record: CXX_FEATURE:1cxx_decltype_auto
    Feature record: CXX_FEATURE:1cxx_decltype_incomplete_return_types
    Feature record: CXX_FEATURE:1cxx_default_function_template_args
    Feature record: CXX_FEATURE:1cxx_defaulted_functions
    Feature record: CXX_FEATURE:1cxx_defaulted_move_initializers
    Feature record: CXX_FEATURE:1cxx_delegating_constructors
    Feature record: CXX_FEATURE:1cxx_deleted_functions
    Feature record: CXX_FEATURE:1cxx_digit_separators
    Feature record: CXX_FEATURE:1cxx_enum_forward_declarations
    Feature record: CXX_FEATURE:1cxx_explicit_conversions
    Feature record: CXX_FEATURE:1cxx_extended_friend_declarations
    Feature record: CXX_FEATURE:1cxx_extern_templates
    Feature record: CXX_FEATURE:1cxx_final
    Feature record: CXX_FEATURE:1cxx_func_identifier
    Feature record: CXX_FEATURE:1cxx_generalized_initializers
    Feature record: CXX_FEATURE:1cxx_generic_lambdas
    Feature record: CXX_FEATURE:1cxx_inheriting_constructors
    Feature record: CXX_FEATURE:1cxx_inline_namespaces
    Feature record: CXX_FEATURE:1cxx_lambdas
    Feature record: CXX_FEATURE:1cxx_lambda_init_captures
    Feature record: CXX_FEATURE:1cxx_local_type_template_args
    Feature record: CXX_FEATURE:1cxx_long_long_type
    Feature record: CXX_FEATURE:1cxx_noexcept
    Feature record: CXX_FEATURE:1cxx_nonstatic_member_init
    Feature record: CXX_FEATURE:1cxx_nullptr
    Feature record: CXX_FEATURE:1cxx_override
    Feature record: CXX_FEATURE:1cxx_range_for
    Feature record: CXX_FEATURE:1cxx_raw_string_literals
    Feature record: CXX_FEATURE:1cxx_reference_qualified_functions
    Feature record: CXX_FEATURE:1cxx_relaxed_constexpr
    Feature record: CXX_FEATURE:1cxx_return_type_deduction
    Feature record: CXX_FEATURE:1cxx_right_angle_brackets
    Feature record: CXX_FEATURE:1cxx_rvalue_references
    Feature record: CXX_FEATURE:1cxx_sizeof_member
    Feature record: CXX_FEATURE:1cxx_static_assert
    Feature record: CXX_FEATURE:1cxx_strong_enums
    Feature record: CXX_FEATURE:1cxx_template_template_parameters
    Feature record: CXX_FEATURE:1cxx_thread_local
    Feature record: CXX_FEATURE:1cxx_trailing_return_types
    Feature record: CXX_FEATURE:1cxx_unicode_literals
    Feature record: CXX_FEATURE:1cxx_uniform_initialization
    Feature record: CXX_FEATURE:1cxx_unrestricted_unions
    Feature record: CXX_FEATURE:1cxx_user_literals
    Feature record: CXX_FEATURE:1cxx_variable_templates
    Feature record: CXX_FEATURE:1cxx_variadic_macros
    Feature record: CXX_FEATURE:1cxx_variadic_templates


Detecting CXX [-std=c++11] compiler features compiled with the following output:
Change Dir: /home/wuchenguang/work/yfs/beta_decay/map/CMakeFiles/CMakeTmp

Run Build Command:"/usr/bin/gmake" "cmTC_d8e9d/fast"
/usr/bin/gmake -f CMakeFiles/cmTC_d8e9d.dir/build.make CMakeFiles/cmTC_d8e9d.dir/build
gmake[1]: 进入目录“/data/d2/RIBLL2017NaMgAlSi/yfs/beta_decay/map/CMakeFiles/CMakeTmp”
Building CXX object CMakeFiles/cmTC_d8e9d.dir/feature_tests.cxx.o
/opt/GCC/730/bin/g++    -std=c++11 -o CMakeFiles/cmTC_d8e9d.dir/feature_tests.cxx.o -c /home/wuchenguang/work/yfs/beta_decay/map/CMakeFiles/feature_tests.cxx
Linking CXX executable cmTC_d8e9d
/usr/bin/cmake -E cmake_link_script CMakeFiles/cmTC_d8e9d.dir/link.txt --verbose=1
/opt/GCC/730/bin/g++     -L/home/wuchenguang/usr/lib  -rdynamic CMakeFiles/cmTC_d8e9d.dir/feature_tests.cxx.o  -o cmTC_d8e9d 
gmake[1]: 离开目录“/data/d2/RIBLL2017NaMgAlSi/yfs/beta_decay/map/CMakeFiles/CMakeTmp”


    Feature record: CXX_FEATURE:0cxx_aggregate_default_initializers
    Feature record: CXX_FEATURE:1cxx_alias_templates
    Feature record: CXX_FEATURE:1cxx_alignas
    Feature record: CXX_FEATURE:1cxx_alignof
    Feature record: CXX_FEATURE:1cxx_attributes
    Feature record: CXX_FEATURE:0cxx_attribute_deprecated
    Feature record: CXX_FEATURE:1cxx_auto_type
    Feature record: CXX_FEATURE:0cxx_binary_literals
    Feature record: CXX_FEATURE:1cxx_constexpr
    Feature record: CXX_FEATURE:0cxx_contextual_conversions
    Feature record: CXX_FEATURE:1cxx_decltype
    Feature record: CXX_FEATURE:0cxx_decltype_auto
    Feature record: CXX_FEATURE:1cxx_decltype_incomplete_return_types
    Feature record: CXX_FEATURE:1cxx_default_function_template_args
    Feature record: CXX_FEATURE:1cxx_defaulted_functions
    Feature record: CXX_FEATURE:1cxx_defaulted_move_initializers
    Feature record: CXX_FEATURE:1cxx_delegating_constructors
    Feature record: CXX_FEATURE:1cxx_deleted_functions
    Feature record: CXX_FEATURE:0cxx_digit_separators
    Feature record: CXX_FEATURE:1cxx_enum_forward_declarations
    Feature record: CXX_FEATURE:1cxx_explicit_conversions
    Feature record: CXX_FEATURE:1cxx_extended_friend_declarations
    Feature record: CXX_FEATURE:1cxx_extern_templates
    Feature record: CXX_FEATURE:1cxx_final
    Feature record: CXX_FEATURE:1cxx_func_identifier
    Feature record: CXX_FEATURE:1cxx_generalized_initializers
    Feature record: CXX_FEATURE:0cxx_generic_lambdas
    Feature record: CXX_FEATURE:1cxx_inheriting_constructors
    Feature record: CXX_FEATURE:1cxx_inline_namespaces
    Feature record: CXX_FEATURE:1cxx_lambdas
    Feature record: CXX_FEATURE:0cxx_lambda_init_captures
    Feature record: CXX_FEATURE:1cxx_local_type_template_args
    Feature record: CXX_FEATURE:1cxx_long_long_type
    Feature record: CXX_FEATURE:1cxx_noexcept
    Feature record: CXX_FEATURE:1cxx_nonstatic_member_init
    Feature record: CXX_FEATURE:1cxx_nullptr
    Feature record: CXX_FEATURE:1cxx_override
    Feature record: CXX_FEATURE:1cxx_range_for
    Feature record: CXX_FEATURE:1cxx_raw_string_literals
    Feature record: CXX_FEATURE:1cxx_reference_qualified_functions
    Feature record: CXX_FEATURE:0cxx_relaxed_constexpr
    Feature record: CXX_FEATURE:0cxx_return_type_deduction
    Feature record: CXX_FEATURE:1cxx_right_angle_brackets
    Feature record: CXX_FEATURE:1cxx_rvalue_references
    Feature record: CXX_FEATURE:1cxx_sizeof_member
    Feature record: CXX_FEATURE:1cxx_static_assert
    Feature record: CXX_FEATURE:1cxx_strong_enums
    Feature record: CXX_FEATURE:1cxx_template_template_parameters
    Feature record: CXX_FEATURE:1cxx_thread_local
    Feature record: CXX_FEATURE:1cxx_trailing_return_types
    Feature record: CXX_FEATURE:1cxx_unicode_literals
    Feature record: CXX_FEATURE:1cxx_uniform_initialization
    Feature record: CXX_FEATURE:1cxx_unrestricted_unions
    Feature record: CXX_FEATURE:1cxx_user_literals
    Feature record: CXX_FEATURE:0cxx_variable_templates
    Feature record: CXX_FEATURE:1cxx_variadic_macros
    Feature record: CXX_FEATURE:1cxx_variadic_templates


Detecting CXX [-std=c++98] compiler features compiled with the following output:
Change Dir: /home/wuchenguang/work/yfs/beta_decay/map/CMakeFiles/CMakeTmp

Run Build Command:"/usr/bin/gmake" "cmTC_2586f/fast"
/usr/bin/gmake -f CMakeFiles/cmTC_2586f.dir/build.make CMakeFiles/cmTC_2586f.dir/build
gmake[1]: 进入目录“/data/d2/RIBLL2017NaMgAlSi/yfs/beta_decay/map/CMakeFiles/CMakeTmp”
Building CXX object CMakeFiles/cmTC_2586f.dir/feature_tests.cxx.o
/opt/GCC/730/bin/g++    -std=c++98 -o CMakeFiles/cmTC_2586f.dir/feature_tests.cxx.o -c /home/wuchenguang/work/yfs/beta_decay/map/CMakeFiles/feature_tests.cxx
Linking CXX executable cmTC_2586f
/usr/bin/cmake -E cmake_link_script CMakeFiles/cmTC_2586f.dir/link.txt --verbose=1
/opt/GCC/730/bin/g++     -L/home/wuchenguang/usr/lib  -rdynamic CMakeFiles/cmTC_2586f.dir/feature_tests.cxx.o  -o cmTC_2586f 
gmake[1]: 离开目录“/data/d2/RIBLL2017NaMgAlSi/yfs/beta_decay/map/CMakeFiles/CMakeTmp”


    Feature record: CXX_FEATURE:0cxx_aggregate_default_initializers
    Feature record: CXX_FEATURE:0cxx_alias_templates
    Feature record: CXX_FEATURE:0cxx_alignas
    Feature record: CXX_FEATURE:0cxx_alignof
    Feature record: CXX_FEATURE:0cxx_attributes
    Feature record: CXX_FEATURE:0cxx_attribute_deprecated
    Feature record: CXX_FEATURE:0cxx_auto_type
    Feature record: CXX_FEATURE:0cxx_binary_literals
    Feature record: CXX_FEATURE:0cxx_constexpr
    Feature record: CXX_FEATURE:0cxx_contextual_conversions
    Feature record: CXX_FEATURE:0cxx_decltype
    Feature record: CXX_FEATURE:0cxx_decltype_auto
    Feature record: CXX_FEATURE:0cxx_decltype_incomplete_return_types
    Feature record: CXX_FEATURE:0cxx_default_function_template_args
    Feature record: CXX_FEATURE:0cxx_defaulted_functions
    Feature record: CXX_FEATURE:0cxx_defaulted_move_initializers
    Feature record: CXX_FEATURE:0cxx_delegating_constructors
    Feature record: CXX_FEATURE:0cxx_deleted_functions
    Feature record: CXX_FEATURE:0cxx_digit_separators
    Feature record: CXX_FEATURE:0cxx_enum_forward_declarations
    Feature record: CXX_FEATURE:0cxx_explicit_conversions
    Feature record: CXX_FEATURE:0cxx_extended_friend_declarations
    Feature record: CXX_FEATURE:0cxx_extern_templates
    Feature record: CXX_FEATURE:0cxx_final
    Feature record: CXX_FEATURE:0cxx_func_identifier
    Feature record: CXX_FEATURE:0cxx_generalized_initializers
    Feature record: CXX_FEATURE:0cxx_generic_lambdas
    Feature record: CXX_FEATURE:0cxx_inheriting_constructors
    Feature record: CXX_FEATURE:0cxx_inline_namespaces
    Feature record: CXX_FEATURE:0cxx_lambdas
    Feature record: CXX_FEATURE:0cxx_lambda_init_captures
    Feature record: CXX_FEATURE:0cxx_local_type_template_args
    Feature record: CXX_FEATURE:0cxx_long_long_type
    Feature record: CXX_FEATURE:0cxx_noexcept
    Feature record: CXX_FEATURE:0cxx_nonstatic_member_init
    Feature record: CXX_FEATURE:0cxx_nullptr
    Feature record: CXX_FEATURE:0cxx_override
    Feature record: CXX_FEATURE:0cxx_range_for
    Feature record: CXX_FEATURE:0cxx_raw_string_literals
    Feature record: CXX_FEATURE:0cxx_reference_qualified_functions
    Feature record: CXX_FEATURE:0cxx_relaxed_constexpr
    Feature record: CXX_FEATURE:0cxx_return_type_deduction
    Feature record: CXX_FEATURE:0cxx_right_angle_brackets
    Feature record: CXX_FEATURE:0cxx_rvalue_references
    Feature record: CXX_FEATURE:0cxx_sizeof_member
    Feature record: CXX_FEATURE:0cxx_static_assert
    Feature record: CXX_FEATURE:0cxx_strong_enums
    Feature record: CXX_FEATURE:1cxx_template_template_parameters
    Feature record: CXX_FEATURE:0cxx_thread_local
    Feature record: CXX_FEATURE:0cxx_trailing_return_types
    Feature record: CXX_FEATURE:0cxx_unicode_literals
    Feature record: CXX_FEATURE:0cxx_uniform_initialization
    Feature record: CXX_FEATURE:0cxx_unrestricted_unions
    Feature record: CXX_FEATURE:0cxx_user_literals
    Feature record: CXX_FEATURE:0cxx_variable_templates
    Feature record: CXX_FEATURE:0cxx_variadic_macros
    Feature record: CXX_FEATURE:0cxx_variadic_templates
